<?xml version="1.0" encoding="UTF-8"?>
<!-- Generated by org.testng.reporters.JUnitReportReporter -->
<testsuite hostname="DESKTOP-6U6HA9E" failures="0" tests="2" name="tests.LoginTests" time="114.670" errors="0" timestamp="2024-07-14T00:22:25 PKT" skipped="0">
  <testcase classname="tests.LoginTests" name="login" time="109.092"/>
  <testcase classname="tests.LoginTests" name="logout" time="5.578"/>
</testsuite> <!-- tests.LoginTests -->
